<?xml version="1.0" encoding="UTF-8"?>
<testsuite xmlns:xsi="http://www.w3.org/2001/XMLSchema-instance" xsi:noNamespaceSchemaLocation="https://maven.apache.org/surefire/maven-surefire-plugin/xsd/surefire-test-report-3.0.xsd" version="3.0" name="com.example.pet_project.PetProjectApplicationTests" time="1.92" tests="1" errors="0" skipped="0" failures="0">
  <properties>
    <property name="java.specification.version" value="17"/>
    <property name="sun.jnu.encoding" value="UTF-8"/>
    <property name="java.class.path" value="/Users/aaa/IdeaProjects/pet project/target/test-classes:/Users/aaa/IdeaProjects/pet project/target/classes:/Users/aaa/.m2/repository/org/springframework/boot/spring-boot-starter-amqp/3.3.3/spring-boot-starter-amqp-3.3.3.jar:/Users/aaa/.m2/repository/org/springframework/boot/spring-boot-starter/3.3.3/spring-boot-starter-3.3.3.jar:/Users/aaa/.m2/repository/org/springframework/boot/spring-boot/3.3.3/spring-boot-3.3.3.jar:/Users/aaa/.m2/repository/org/springframework/boot/spring-boot-autoconfigure/3.3.3/spring-boot-autoconfigure-3.3.3.jar:/Users/aaa/.m2/repository/org/springframework/boot/spring-boot-starter-logging/3.3.3/spring-boot-starter-logging-3.3.3.jar:/Users/aaa/.m2/repository/ch/qos/logback/logback-classic/1.5.7/logback-classic-1.5.7.jar:/Users/aaa/.m2/repository/ch/qos/logback/logback-core/1.5.7/logback-core-1.5.7.jar:/Users/aaa/.m2/repository/org/apache/logging/log4j/log4j-to-slf4j/2.23.1/log4j-to-slf4j-2.23.1.jar:/Users/aaa/.m2/repository/org/apache/logging/log4j/log4j-api/2.23.1/log4j-api-2.23.1.jar:/Users/aaa/.m2/repository/org/slf4j/jul-to-slf4j/2.0.16/jul-to-slf4j-2.0.16.jar:/Users/aaa/.m2/repository/jakarta/annotation/jakarta.annotation-api/2.1.1/jakarta.annotation-api-2.1.1.jar:/Users/aaa/.m2/repository/org/yaml/snakeyaml/2.2/snakeyaml-2.2.jar:/Users/aaa/.m2/repository/org/springframework/spring-messaging/6.1.12/spring-messaging-6.1.12.jar:/Users/aaa/.m2/repository/org/springframework/spring-beans/6.1.12/spring-beans-6.1.12.jar:/Users/aaa/.m2/repository/org/springframework/amqp/spring-rabbit/3.1.7/spring-rabbit-3.1.7.jar:/Users/aaa/.m2/repository/org/springframework/amqp/spring-amqp/3.1.7/spring-amqp-3.1.7.jar:/Users/aaa/.m2/repository/org/springframework/retry/spring-retry/2.0.8/spring-retry-2.0.8.jar:/Users/aaa/.m2/repository/com/rabbitmq/amqp-client/5.21.0/amqp-client-5.21.0.jar:/Users/aaa/.m2/repository/org/springframework/spring-context/6.1.12/spring-context-6.1.12.jar:/Users/aaa/.m2/repository/org/springframework/spring-tx/6.1.12/spring-tx-6.1.12.jar:/Users/aaa/.m2/repository/io/micrometer/micrometer-observation/1.13.3/micrometer-observation-1.13.3.jar:/Users/aaa/.m2/repository/io/micrometer/micrometer-commons/1.13.3/micrometer-commons-1.13.3.jar:/Users/aaa/.m2/repository/org/springframework/boot/spring-boot-starter-data-redis/3.3.3/spring-boot-starter-data-redis-3.3.3.jar:/Users/aaa/.m2/repository/io/lettuce/lettuce-core/6.3.2.RELEASE/lettuce-core-6.3.2.RELEASE.jar:/Users/aaa/.m2/repository/io/netty/netty-common/4.1.112.Final/netty-common-4.1.112.Final.jar:/Users/aaa/.m2/repository/io/netty/netty-handler/4.1.112.Final/netty-handler-4.1.112.Final.jar:/Users/aaa/.m2/repository/io/netty/netty-resolver/4.1.112.Final/netty-resolver-4.1.112.Final.jar:/Users/aaa/.m2/repository/io/netty/netty-buffer/4.1.112.Final/netty-buffer-4.1.112.Final.jar:/Users/aaa/.m2/repository/io/netty/netty-transport-native-unix-common/4.1.112.Final/netty-transport-native-unix-common-4.1.112.Final.jar:/Users/aaa/.m2/repository/io/netty/netty-codec/4.1.112.Final/netty-codec-4.1.112.Final.jar:/Users/aaa/.m2/repository/io/netty/netty-transport/4.1.112.Final/netty-transport-4.1.112.Final.jar:/Users/aaa/.m2/repository/io/projectreactor/reactor-core/3.6.9/reactor-core-3.6.9.jar:/Users/aaa/.m2/repository/org/reactivestreams/reactive-streams/1.0.4/reactive-streams-1.0.4.jar:/Users/aaa/.m2/repository/org/springframework/data/spring-data-redis/3.3.3/spring-data-redis-3.3.3.jar:/Users/aaa/.m2/repository/org/springframework/data/spring-data-keyvalue/3.3.3/spring-data-keyvalue-3.3.3.jar:/Users/aaa/.m2/repository/org/springframework/data/spring-data-commons/3.3.3/spring-data-commons-3.3.3.jar:/Users/aaa/.m2/repository/org/springframework/spring-context-support/6.1.12/spring-context-support-6.1.12.jar:/Users/aaa/.m2/repository/org/springframework/boot/spring-boot-starter-data-rest/3.3.3/spring-boot-starter-data-rest-3.3.3.jar:/Users/aaa/.m2/repository/org/springframework/data/spring-data-rest-webmvc/4.3.3/spring-data-rest-webmvc-4.3.3.jar:/Users/aaa/.m2/repository/org/springframework/data/spring-data-rest-core/4.3.3/spring-data-rest-core-4.3.3.jar:/Users/aaa/.m2/repository/org/springframework/hateoas/spring-hateoas/2.3.2/spring-hateoas-2.3.2.jar:/Users/aaa/.m2/repository/org/springframework/plugin/spring-plugin-core/3.0.0/spring-plugin-core-3.0.0.jar:/Users/aaa/.m2/repository/org/atteo/evo-inflector/1.3/evo-inflector-1.3.jar:/Users/aaa/.m2/repository/com/fasterxml/jackson/core/jackson-databind/2.17.2/jackson-databind-2.17.2.jar:/Users/aaa/.m2/repository/com/fasterxml/jackson/core/jackson-annotations/2.17.2/jackson-annotations-2.17.2.jar:/Users/aaa/.m2/repository/org/springframework/boot/spring-boot-starter-security/3.3.3/spring-boot-starter-security-3.3.3.jar:/Users/aaa/.m2/repository/org/springframework/spring-aop/6.1.12/spring-aop-6.1.12.jar:/Users/aaa/.m2/repository/org/springframework/security/spring-security-config/6.3.3/spring-security-config-6.3.3.jar:/Users/aaa/.m2/repository/org/springframework/security/spring-security-web/6.3.3/spring-security-web-6.3.3.jar:/Users/aaa/.m2/repository/org/springframework/spring-expression/6.1.12/spring-expression-6.1.12.jar:/Users/aaa/.m2/repository/org/springframework/boot/spring-boot-starter-thymeleaf/3.3.3/spring-boot-starter-thymeleaf-3.3.3.jar:/Users/aaa/.m2/repository/org/thymeleaf/thymeleaf-spring6/3.1.2.RELEASE/thymeleaf-spring6-3.1.2.RELEASE.jar:/Users/aaa/.m2/repository/org/thymeleaf/thymeleaf/3.1.2.RELEASE/thymeleaf-3.1.2.RELEASE.jar:/Users/aaa/.m2/repository/org/attoparser/attoparser/2.0.7.RELEASE/attoparser-2.0.7.RELEASE.jar:/Users/aaa/.m2/repository/org/unbescape/unbescape/1.1.6.RELEASE/unbescape-1.1.6.RELEASE.jar:/Users/aaa/.m2/repository/org/springframework/boot/spring-boot-starter-web/3.3.3/spring-boot-starter-web-3.3.3.jar:/Users/aaa/.m2/repository/org/springframework/boot/spring-boot-starter-json/3.3.3/spring-boot-starter-json-3.3.3.jar:/Users/aaa/.m2/repository/com/fasterxml/jackson/datatype/jackson-datatype-jdk8/2.17.2/jackson-datatype-jdk8-2.17.2.jar:/Users/aaa/.m2/repository/com/fasterxml/jackson/datatype/jackson-datatype-jsr310/2.17.2/jackson-datatype-jsr310-2.17.2.jar:/Users/aaa/.m2/repository/com/fasterxml/jackson/module/jackson-module-parameter-names/2.17.2/jackson-module-parameter-names-2.17.2.jar:/Users/aaa/.m2/repository/org/springframework/boot/spring-boot-starter-tomcat/3.3.3/spring-boot-starter-tomcat-3.3.3.jar:/Users/aaa/.m2/repository/org/apache/tomcat/embed/tomcat-embed-core/10.1.28/tomcat-embed-core-10.1.28.jar:/Users/aaa/.m2/repository/org/apache/tomcat/embed/tomcat-embed-el/10.1.28/tomcat-embed-el-10.1.28.jar:/Users/aaa/.m2/repository/org/apache/tomcat/embed/tomcat-embed-websocket/10.1.28/tomcat-embed-websocket-10.1.28.jar:/Users/aaa/.m2/repository/org/springframework/spring-web/6.1.12/spring-web-6.1.12.jar:/Users/aaa/.m2/repository/org/springframework/spring-webmvc/6.1.12/spring-webmvc-6.1.12.jar:/Users/aaa/.m2/repository/org/springframework/boot/spring-boot-starter-web-services/3.3.3/spring-boot-starter-web-services-3.3.3.jar:/Users/aaa/.m2/repository/com/sun/xml/messaging/saaj/saaj-impl/3.0.4/saaj-impl-3.0.4.jar:/Users/aaa/.m2/repository/jakarta/xml/soap/jakarta.xml.soap-api/3.0.2/jakarta.xml.soap-api-3.0.2.jar:/Users/aaa/.m2/repository/org/jvnet/staxex/stax-ex/2.1.0/stax-ex-2.1.0.jar:/Users/aaa/.m2/repository/jakarta/activation/jakarta.activation-api/2.1.3/jakarta.activation-api-2.1.3.jar:/Users/aaa/.m2/repository/org/eclipse/angus/angus-activation/2.0.2/angus-activation-2.0.2.jar:/Users/aaa/.m2/repository/jakarta/xml/ws/jakarta.xml.ws-api/4.0.2/jakarta.xml.ws-api-4.0.2.jar:/Users/aaa/.m2/repository/org/springframework/spring-oxm/6.1.12/spring-oxm-6.1.12.jar:/Users/aaa/.m2/repository/org/springframework/ws/spring-ws-core/4.0.11/spring-ws-core-4.0.11.jar:/Users/aaa/.m2/repository/org/springframework/ws/spring-xml/4.0.11/spring-xml-4.0.11.jar:/Users/aaa/.m2/repository/org/glassfish/jaxb/jaxb-runtime/4.0.5/jaxb-runtime-4.0.5.jar:/Users/aaa/.m2/repository/org/glassfish/jaxb/jaxb-core/4.0.5/jaxb-core-4.0.5.jar:/Users/aaa/.m2/repository/org/glassfish/jaxb/txw2/4.0.5/txw2-4.0.5.jar:/Users/aaa/.m2/repository/com/sun/istack/istack-commons-runtime/4.1.2/istack-commons-runtime-4.1.2.jar:/Users/aaa/.m2/repository/org/springframework/boot/spring-boot-starter-websocket/3.3.3/spring-boot-starter-websocket-3.3.3.jar:/Users/aaa/.m2/repository/org/springframework/spring-websocket/6.1.12/spring-websocket-6.1.12.jar:/Users/aaa/.m2/repository/org/springframework/session/spring-session-data-redis/3.3.2/spring-session-data-redis-3.3.2.jar:/Users/aaa/.m2/repository/org/springframework/session/spring-session-core/3.3.2/spring-session-core-3.3.2.jar:/Users/aaa/.m2/repository/org/springframework/spring-jcl/6.1.12/spring-jcl-6.1.12.jar:/Users/aaa/.m2/repository/org/thymeleaf/extras/thymeleaf-extras-springsecurity6/3.1.2.RELEASE/thymeleaf-extras-springsecurity6-3.1.2.RELEASE.jar:/Users/aaa/.m2/repository/org/slf4j/slf4j-api/2.0.16/slf4j-api-2.0.16.jar:/Users/aaa/.m2/repository/org/postgresql/postgresql/42.7.3/postgresql-42.7.3.jar:/Users/aaa/.m2/repository/org/checkerframework/checker-qual/3.42.0/checker-qual-3.42.0.jar:/Users/aaa/.m2/repository/org/springframework/boot/spring-boot-starter-test/3.3.3/spring-boot-starter-test-3.3.3.jar:/Users/aaa/.m2/repository/org/springframework/boot/spring-boot-test/3.3.3/spring-boot-test-3.3.3.jar:/Users/aaa/.m2/repository/org/springframework/boot/spring-boot-test-autoconfigure/3.3.3/spring-boot-test-autoconfigure-3.3.3.jar:/Users/aaa/.m2/repository/com/jayway/jsonpath/json-path/2.9.0/json-path-2.9.0.jar:/Users/aaa/.m2/repository/jakarta/xml/bind/jakarta.xml.bind-api/4.0.2/jakarta.xml.bind-api-4.0.2.jar:/Users/aaa/.m2/repository/net/minidev/json-smart/2.5.1/json-smart-2.5.1.jar:/Users/aaa/.m2/repository/net/minidev/accessors-smart/2.5.1/accessors-smart-2.5.1.jar:/Users/aaa/.m2/repository/org/ow2/asm/asm/9.6/asm-9.6.jar:/Users/aaa/.m2/repository/org/assertj/assertj-core/3.25.3/assertj-core-3.25.3.jar:/Users/aaa/.m2/repository/net/bytebuddy/byte-buddy/1.14.19/byte-buddy-1.14.19.jar:/Users/aaa/.m2/repository/org/awaitility/awaitility/4.2.2/awaitility-4.2.2.jar:/Users/aaa/.m2/repository/org/hamcrest/hamcrest/2.2/hamcrest-2.2.jar:/Users/aaa/.m2/repository/org/junit/jupiter/junit-jupiter/5.10.3/junit-jupiter-5.10.3.jar:/Users/aaa/.m2/repository/org/junit/jupiter/junit-jupiter-api/5.10.3/junit-jupiter-api-5.10.3.jar:/Users/aaa/.m2/repository/org/opentest4j/opentest4j/1.3.0/opentest4j-1.3.0.jar:/Users/aaa/.m2/repository/org/junit/platform/junit-platform-commons/1.10.3/junit-platform-commons-1.10.3.jar:/Users/aaa/.m2/repository/org/apiguardian/apiguardian-api/1.1.2/apiguardian-api-1.1.2.jar:/Users/aaa/.m2/repository/org/junit/jupiter/junit-jupiter-params/5.10.3/junit-jupiter-params-5.10.3.jar:/Users/aaa/.m2/repository/org/junit/jupiter/junit-jupiter-engine/5.10.3/junit-jupiter-engine-5.10.3.jar:/Users/aaa/.m2/repository/org/junit/platform/junit-platform-engine/1.10.3/junit-platform-engine-1.10.3.jar:/Users/aaa/.m2/repository/org/mockito/mockito-core/5.11.0/mockito-core-5.11.0.jar:/Users/aaa/.m2/repository/net/bytebuddy/byte-buddy-agent/1.14.19/byte-buddy-agent-1.14.19.jar:/Users/aaa/.m2/repository/org/objenesis/objenesis/3.3/objenesis-3.3.jar:/Users/aaa/.m2/repository/org/mockito/mockito-junit-jupiter/5.11.0/mockito-junit-jupiter-5.11.0.jar:/Users/aaa/.m2/repository/org/skyscreamer/jsonassert/1.5.3/jsonassert-1.5.3.jar:/Users/aaa/.m2/repository/com/vaadin/external/google/android-json/0.0.20131108.vaadin1/android-json-0.0.20131108.vaadin1.jar:/Users/aaa/.m2/repository/org/springframework/spring-core/6.1.12/spring-core-6.1.12.jar:/Users/aaa/.m2/repository/org/springframework/spring-test/6.1.12/spring-test-6.1.12.jar:/Users/aaa/.m2/repository/org/xmlunit/xmlunit-core/2.9.1/xmlunit-core-2.9.1.jar:/Users/aaa/.m2/repository/org/springframework/amqp/spring-rabbit-test/3.1.7/spring-rabbit-test-3.1.7.jar:/Users/aaa/.m2/repository/org/springframework/amqp/spring-rabbit-junit/3.1.7/spring-rabbit-junit-3.1.7.jar:/Users/aaa/.m2/repository/org/hamcrest/hamcrest-library/2.2/hamcrest-library-2.2.jar:/Users/aaa/.m2/repository/org/hamcrest/hamcrest-core/2.2/hamcrest-core-2.2.jar:/Users/aaa/.m2/repository/org/springframework/security/spring-security-test/6.3.3/spring-security-test-6.3.3.jar:/Users/aaa/.m2/repository/org/springframework/security/spring-security-core/6.3.3/spring-security-core-6.3.3.jar:/Users/aaa/.m2/repository/org/springframework/security/spring-security-crypto/6.3.3/spring-security-crypto-6.3.3.jar:/Users/aaa/.m2/repository/org/flywaydb/flyway-core/10.10.0/flyway-core-10.10.0.jar:/Users/aaa/.m2/repository/com/fasterxml/jackson/dataformat/jackson-dataformat-toml/2.17.2/jackson-dataformat-toml-2.17.2.jar:/Users/aaa/.m2/repository/com/fasterxml/jackson/core/jackson-core/2.17.2/jackson-core-2.17.2.jar:/Users/aaa/.m2/repository/com/google/code/gson/gson/2.10.1/gson-2.10.1.jar:"/>
    <property name="java.vm.vendor" value="Amazon.com Inc."/>
    <property name="sun.arch.data.model" value="64"/>
    <property name="java.vendor.url" value="https://aws.amazon.com/corretto/"/>
    <property name="user.timezone" value="Europe/Volgograd"/>
    <property name="os.name" value="Mac OS X"/>
    <property name="java.vm.specification.version" value="17"/>
    <property name="sun.java.launcher" value="SUN_STANDARD"/>
    <property name="user.country" value="RU"/>
    <property name="sun.boot.library.path" value="/Users/aaa/Library/Java/JavaVirtualMachines/corretto-17.0.12/Contents/Home/lib"/>
    <property name="sun.java.command" value="/Users/aaa/IdeaProjects/pet project/target/surefire/surefirebooter-20240916004453896_3.jar /Users/aaa/IdeaProjects/pet project/target/surefire 2024-09-16T00-44-53_855-jvmRun1 surefire-20240916004453896_1tmp surefire_0-20240916004453896_2tmp"/>
    <property name="http.nonProxyHosts" value="local|*.local|169.254/16|*.169.254/16"/>
    <property name="jdk.debug" value="release"/>
    <property name="surefire.test.class.path" value="/Users/aaa/IdeaProjects/pet project/target/test-classes:/Users/aaa/IdeaProjects/pet project/target/classes:/Users/aaa/.m2/repository/org/springframework/boot/spring-boot-starter-amqp/3.3.3/spring-boot-starter-amqp-3.3.3.jar:/Users/aaa/.m2/repository/org/springframework/boot/spring-boot-starter/3.3.3/spring-boot-starter-3.3.3.jar:/Users/aaa/.m2/repository/org/springframework/boot/spring-boot/3.3.3/spring-boot-3.3.3.jar:/Users/aaa/.m2/repository/org/springframework/boot/spring-boot-autoconfigure/3.3.3/spring-boot-autoconfigure-3.3.3.jar:/Users/aaa/.m2/repository/org/springframework/boot/spring-boot-starter-logging/3.3.3/spring-boot-starter-logging-3.3.3.jar:/Users/aaa/.m2/repository/ch/qos/logback/logback-classic/1.5.7/logback-classic-1.5.7.jar:/Users/aaa/.m2/repository/ch/qos/logback/logback-core/1.5.7/logback-core-1.5.7.jar:/Users/aaa/.m2/repository/org/apache/logging/log4j/log4j-to-slf4j/2.23.1/log4j-to-slf4j-2.23.1.jar:/Users/aaa/.m2/repository/org/apache/logging/log4j/log4j-api/2.23.1/log4j-api-2.23.1.jar:/Users/aaa/.m2/repository/org/slf4j/jul-to-slf4j/2.0.16/jul-to-slf4j-2.0.16.jar:/Users/aaa/.m2/repository/jakarta/annotation/jakarta.annotation-api/2.1.1/jakarta.annotation-api-2.1.1.jar:/Users/aaa/.m2/repository/org/yaml/snakeyaml/2.2/snakeyaml-2.2.jar:/Users/aaa/.m2/repository/org/springframework/spring-messaging/6.1.12/spring-messaging-6.1.12.jar:/Users/aaa/.m2/repository/org/springframework/spring-beans/6.1.12/spring-beans-6.1.12.jar:/Users/aaa/.m2/repository/org/springframework/amqp/spring-rabbit/3.1.7/spring-rabbit-3.1.7.jar:/Users/aaa/.m2/repository/org/springframework/amqp/spring-amqp/3.1.7/spring-amqp-3.1.7.jar:/Users/aaa/.m2/repository/org/springframework/retry/spring-retry/2.0.8/spring-retry-2.0.8.jar:/Users/aaa/.m2/repository/com/rabbitmq/amqp-client/5.21.0/amqp-client-5.21.0.jar:/Users/aaa/.m2/repository/org/springframework/spring-context/6.1.12/spring-context-6.1.12.jar:/Users/aaa/.m2/repository/org/springframework/spring-tx/6.1.12/spring-tx-6.1.12.jar:/Users/aaa/.m2/repository/io/micrometer/micrometer-observation/1.13.3/micrometer-observation-1.13.3.jar:/Users/aaa/.m2/repository/io/micrometer/micrometer-commons/1.13.3/micrometer-commons-1.13.3.jar:/Users/aaa/.m2/repository/org/springframework/boot/spring-boot-starter-data-redis/3.3.3/spring-boot-starter-data-redis-3.3.3.jar:/Users/aaa/.m2/repository/io/lettuce/lettuce-core/6.3.2.RELEASE/lettuce-core-6.3.2.RELEASE.jar:/Users/aaa/.m2/repository/io/netty/netty-common/4.1.112.Final/netty-common-4.1.112.Final.jar:/Users/aaa/.m2/repository/io/netty/netty-handler/4.1.112.Final/netty-handler-4.1.112.Final.jar:/Users/aaa/.m2/repository/io/netty/netty-resolver/4.1.112.Final/netty-resolver-4.1.112.Final.jar:/Users/aaa/.m2/repository/io/netty/netty-buffer/4.1.112.Final/netty-buffer-4.1.112.Final.jar:/Users/aaa/.m2/repository/io/netty/netty-transport-native-unix-common/4.1.112.Final/netty-transport-native-unix-common-4.1.112.Final.jar:/Users/aaa/.m2/repository/io/netty/netty-codec/4.1.112.Final/netty-codec-4.1.112.Final.jar:/Users/aaa/.m2/repository/io/netty/netty-transport/4.1.112.Final/netty-transport-4.1.112.Final.jar:/Users/aaa/.m2/repository/io/projectreactor/reactor-core/3.6.9/reactor-core-3.6.9.jar:/Users/aaa/.m2/repository/org/reactivestreams/reactive-streams/1.0.4/reactive-streams-1.0.4.jar:/Users/aaa/.m2/repository/org/springframework/data/spring-data-redis/3.3.3/spring-data-redis-3.3.3.jar:/Users/aaa/.m2/repository/org/springframework/data/spring-data-keyvalue/3.3.3/spring-data-keyvalue-3.3.3.jar:/Users/aaa/.m2/repository/org/springframework/data/spring-data-commons/3.3.3/spring-data-commons-3.3.3.jar:/Users/aaa/.m2/repository/org/springframework/spring-context-support/6.1.12/spring-context-support-6.1.12.jar:/Users/aaa/.m2/repository/org/springframework/boot/spring-boot-starter-data-rest/3.3.3/spring-boot-starter-data-rest-3.3.3.jar:/Users/aaa/.m2/repository/org/springframework/data/spring-data-rest-webmvc/4.3.3/spring-data-rest-webmvc-4.3.3.jar:/Users/aaa/.m2/repository/org/springframework/data/spring-data-rest-core/4.3.3/spring-data-rest-core-4.3.3.jar:/Users/aaa/.m2/repository/org/springframework/hateoas/spring-hateoas/2.3.2/spring-hateoas-2.3.2.jar:/Users/aaa/.m2/repository/org/springframework/plugin/spring-plugin-core/3.0.0/spring-plugin-core-3.0.0.jar:/Users/aaa/.m2/repository/org/atteo/evo-inflector/1.3/evo-inflector-1.3.jar:/Users/aaa/.m2/repository/com/fasterxml/jackson/core/jackson-databind/2.17.2/jackson-databind-2.17.2.jar:/Users/aaa/.m2/repository/com/fasterxml/jackson/core/jackson-annotations/2.17.2/jackson-annotations-2.17.2.jar:/Users/aaa/.m2/repository/org/springframework/boot/spring-boot-starter-security/3.3.3/spring-boot-starter-security-3.3.3.jar:/Users/aaa/.m2/repository/org/springframework/spring-aop/6.1.12/spring-aop-6.1.12.jar:/Users/aaa/.m2/repository/org/springframework/security/spring-security-config/6.3.3/spring-security-config-6.3.3.jar:/Users/aaa/.m2/repository/org/springframework/security/spring-security-web/6.3.3/spring-security-web-6.3.3.jar:/Users/aaa/.m2/repository/org/springframework/spring-expression/6.1.12/spring-expression-6.1.12.jar:/Users/aaa/.m2/repository/org/springframework/boot/spring-boot-starter-thymeleaf/3.3.3/spring-boot-starter-thymeleaf-3.3.3.jar:/Users/aaa/.m2/repository/org/thymeleaf/thymeleaf-spring6/3.1.2.RELEASE/thymeleaf-spring6-3.1.2.RELEASE.jar:/Users/aaa/.m2/repository/org/thymeleaf/thymeleaf/3.1.2.RELEASE/thymeleaf-3.1.2.RELEASE.jar:/Users/aaa/.m2/repository/org/attoparser/attoparser/2.0.7.RELEASE/attoparser-2.0.7.RELEASE.jar:/Users/aaa/.m2/repository/org/unbescape/unbescape/1.1.6.RELEASE/unbescape-1.1.6.RELEASE.jar:/Users/aaa/.m2/repository/org/springframework/boot/spring-boot-starter-web/3.3.3/spring-boot-starter-web-3.3.3.jar:/Users/aaa/.m2/repository/org/springframework/boot/spring-boot-starter-json/3.3.3/spring-boot-starter-json-3.3.3.jar:/Users/aaa/.m2/repository/com/fasterxml/jackson/datatype/jackson-datatype-jdk8/2.17.2/jackson-datatype-jdk8-2.17.2.jar:/Users/aaa/.m2/repository/com/fasterxml/jackson/datatype/jackson-datatype-jsr310/2.17.2/jackson-datatype-jsr310-2.17.2.jar:/Users/aaa/.m2/repository/com/fasterxml/jackson/module/jackson-module-parameter-names/2.17.2/jackson-module-parameter-names-2.17.2.jar:/Users/aaa/.m2/repository/org/springframework/boot/spring-boot-starter-tomcat/3.3.3/spring-boot-starter-tomcat-3.3.3.jar:/Users/aaa/.m2/repository/org/apache/tomcat/embed/tomcat-embed-core/10.1.28/tomcat-embed-core-10.1.28.jar:/Users/aaa/.m2/repository/org/apache/tomcat/embed/tomcat-embed-el/10.1.28/tomcat-embed-el-10.1.28.jar:/Users/aaa/.m2/repository/org/apache/tomcat/embed/tomcat-embed-websocket/10.1.28/tomcat-embed-websocket-10.1.28.jar:/Users/aaa/.m2/repository/org/springframework/spring-web/6.1.12/spring-web-6.1.12.jar:/Users/aaa/.m2/repository/org/springframework/spring-webmvc/6.1.12/spring-webmvc-6.1.12.jar:/Users/aaa/.m2/repository/org/springframework/boot/spring-boot-starter-web-services/3.3.3/spring-boot-starter-web-services-3.3.3.jar:/Users/aaa/.m2/repository/com/sun/xml/messaging/saaj/saaj-impl/3.0.4/saaj-impl-3.0.4.jar:/Users/aaa/.m2/repository/jakarta/xml/soap/jakarta.xml.soap-api/3.0.2/jakarta.xml.soap-api-3.0.2.jar:/Users/aaa/.m2/repository/org/jvnet/staxex/stax-ex/2.1.0/stax-ex-2.1.0.jar:/Users/aaa/.m2/repository/jakarta/activation/jakarta.activation-api/2.1.3/jakarta.activation-api-2.1.3.jar:/Users/aaa/.m2/repository/org/eclipse/angus/angus-activation/2.0.2/angus-activation-2.0.2.jar:/Users/aaa/.m2/repository/jakarta/xml/ws/jakarta.xml.ws-api/4.0.2/jakarta.xml.ws-api-4.0.2.jar:/Users/aaa/.m2/repository/org/springframework/spring-oxm/6.1.12/spring-oxm-6.1.12.jar:/Users/aaa/.m2/repository/org/springframework/ws/spring-ws-core/4.0.11/spring-ws-core-4.0.11.jar:/Users/aaa/.m2/repository/org/springframework/ws/spring-xml/4.0.11/spring-xml-4.0.11.jar:/Users/aaa/.m2/repository/org/glassfish/jaxb/jaxb-runtime/4.0.5/jaxb-runtime-4.0.5.jar:/Users/aaa/.m2/repository/org/glassfish/jaxb/jaxb-core/4.0.5/jaxb-core-4.0.5.jar:/Users/aaa/.m2/repository/org/glassfish/jaxb/txw2/4.0.5/txw2-4.0.5.jar:/Users/aaa/.m2/repository/com/sun/istack/istack-commons-runtime/4.1.2/istack-commons-runtime-4.1.2.jar:/Users/aaa/.m2/repository/org/springframework/boot/spring-boot-starter-websocket/3.3.3/spring-boot-starter-websocket-3.3.3.jar:/Users/aaa/.m2/repository/org/springframework/spring-websocket/6.1.12/spring-websocket-6.1.12.jar:/Users/aaa/.m2/repository/org/springframework/session/spring-session-data-redis/3.3.2/spring-session-data-redis-3.3.2.jar:/Users/aaa/.m2/repository/org/springframework/session/spring-session-core/3.3.2/spring-session-core-3.3.2.jar:/Users/aaa/.m2/repository/org/springframework/spring-jcl/6.1.12/spring-jcl-6.1.12.jar:/Users/aaa/.m2/repository/org/thymeleaf/extras/thymeleaf-extras-springsecurity6/3.1.2.RELEASE/thymeleaf-extras-springsecurity6-3.1.2.RELEASE.jar:/Users/aaa/.m2/repository/org/slf4j/slf4j-api/2.0.16/slf4j-api-2.0.16.jar:/Users/aaa/.m2/repository/org/postgresql/postgresql/42.7.3/postgresql-42.7.3.jar:/Users/aaa/.m2/repository/org/checkerframework/checker-qual/3.42.0/checker-qual-3.42.0.jar:/Users/aaa/.m2/repository/org/springframework/boot/spring-boot-starter-test/3.3.3/spring-boot-starter-test-3.3.3.jar:/Users/aaa/.m2/repository/org/springframework/boot/spring-boot-test/3.3.3/spring-boot-test-3.3.3.jar:/Users/aaa/.m2/repository/org/springframework/boot/spring-boot-test-autoconfigure/3.3.3/spring-boot-test-autoconfigure-3.3.3.jar:/Users/aaa/.m2/repository/com/jayway/jsonpath/json-path/2.9.0/json-path-2.9.0.jar:/Users/aaa/.m2/repository/jakarta/xml/bind/jakarta.xml.bind-api/4.0.2/jakarta.xml.bind-api-4.0.2.jar:/Users/aaa/.m2/repository/net/minidev/json-smart/2.5.1/json-smart-2.5.1.jar:/Users/aaa/.m2/repository/net/minidev/accessors-smart/2.5.1/accessors-smart-2.5.1.jar:/Users/aaa/.m2/repository/org/ow2/asm/asm/9.6/asm-9.6.jar:/Users/aaa/.m2/repository/org/assertj/assertj-core/3.25.3/assertj-core-3.25.3.jar:/Users/aaa/.m2/repository/net/bytebuddy/byte-buddy/1.14.19/byte-buddy-1.14.19.jar:/Users/aaa/.m2/repository/org/awaitility/awaitility/4.2.2/awaitility-4.2.2.jar:/Users/aaa/.m2/repository/org/hamcrest/hamcrest/2.2/hamcrest-2.2.jar:/Users/aaa/.m2/repository/org/junit/jupiter/junit-jupiter/5.10.3/junit-jupiter-5.10.3.jar:/Users/aaa/.m2/repository/org/junit/jupiter/junit-jupiter-api/5.10.3/junit-jupiter-api-5.10.3.jar:/Users/aaa/.m2/repository/org/opentest4j/opentest4j/1.3.0/opentest4j-1.3.0.jar:/Users/aaa/.m2/repository/org/junit/platform/junit-platform-commons/1.10.3/junit-platform-commons-1.10.3.jar:/Users/aaa/.m2/repository/org/apiguardian/apiguardian-api/1.1.2/apiguardian-api-1.1.2.jar:/Users/aaa/.m2/repository/org/junit/jupiter/junit-jupiter-params/5.10.3/junit-jupiter-params-5.10.3.jar:/Users/aaa/.m2/repository/org/junit/jupiter/junit-jupiter-engine/5.10.3/junit-jupiter-engine-5.10.3.jar:/Users/aaa/.m2/repository/org/junit/platform/junit-platform-engine/1.10.3/junit-platform-engine-1.10.3.jar:/Users/aaa/.m2/repository/org/mockito/mockito-core/5.11.0/mockito-core-5.11.0.jar:/Users/aaa/.m2/repository/net/bytebuddy/byte-buddy-agent/1.14.19/byte-buddy-agent-1.14.19.jar:/Users/aaa/.m2/repository/org/objenesis/objenesis/3.3/objenesis-3.3.jar:/Users/aaa/.m2/repository/org/mockito/mockito-junit-jupiter/5.11.0/mockito-junit-jupiter-5.11.0.jar:/Users/aaa/.m2/repository/org/skyscreamer/jsonassert/1.5.3/jsonassert-1.5.3.jar:/Users/aaa/.m2/repository/com/vaadin/external/google/android-json/0.0.20131108.vaadin1/android-json-0.0.20131108.vaadin1.jar:/Users/aaa/.m2/repository/org/springframework/spring-core/6.1.12/spring-core-6.1.12.jar:/Users/aaa/.m2/repository/org/springframework/spring-test/6.1.12/spring-test-6.1.12.jar:/Users/aaa/.m2/repository/org/xmlunit/xmlunit-core/2.9.1/xmlunit-core-2.9.1.jar:/Users/aaa/.m2/repository/org/springframework/amqp/spring-rabbit-test/3.1.7/spring-rabbit-test-3.1.7.jar:/Users/aaa/.m2/repository/org/springframework/amqp/spring-rabbit-junit/3.1.7/spring-rabbit-junit-3.1.7.jar:/Users/aaa/.m2/repository/org/hamcrest/hamcrest-library/2.2/hamcrest-library-2.2.jar:/Users/aaa/.m2/repository/org/hamcrest/hamcrest-core/2.2/hamcrest-core-2.2.jar:/Users/aaa/.m2/repository/org/springframework/security/spring-security-test/6.3.3/spring-security-test-6.3.3.jar:/Users/aaa/.m2/repository/org/springframework/security/spring-security-core/6.3.3/spring-security-core-6.3.3.jar:/Users/aaa/.m2/repository/org/springframework/security/spring-security-crypto/6.3.3/spring-security-crypto-6.3.3.jar:/Users/aaa/.m2/repository/org/flywaydb/flyway-core/10.10.0/flyway-core-10.10.0.jar:/Users/aaa/.m2/repository/com/fasterxml/jackson/dataformat/jackson-dataformat-toml/2.17.2/jackson-dataformat-toml-2.17.2.jar:/Users/aaa/.m2/repository/com/fasterxml/jackson/core/jackson-core/2.17.2/jackson-core-2.17.2.jar:/Users/aaa/.m2/repository/com/google/code/gson/gson/2.10.1/gson-2.10.1.jar:"/>
    <property name="sun.cpu.endian" value="little"/>
    <property name="user.home" value="/Users/aaa"/>
    <property name="user.language" value="ru"/>
    <property name="java.specification.vendor" value="Oracle Corporation"/>
    <property name="java.version.date" value="2024-07-16"/>
    <property name="java.home" value="/Users/aaa/Library/Java/JavaVirtualMachines/corretto-17.0.12/Contents/Home"/>
    <property name="file.separator" value="/"/>
    <property name="basedir" value="/Users/aaa/IdeaProjects/pet project"/>
    <property name="java.vm.compressedOopsMode" value="Zero based"/>
    <property name="line.separator" value="&#10;"/>
    <property name="java.vm.specification.vendor" value="Oracle Corporation"/>
    <property name="java.specification.name" value="Java Platform API Specification"/>
    <property name="FILE_LOG_CHARSET" value="UTF-8"/>
    <property name="java.awt.headless" value="true"/>
    <property name="surefire.real.class.path" value="/Users/aaa/IdeaProjects/pet project/target/surefire/surefirebooter-20240916004453896_3.jar"/>
    <property name="sun.management.compiler" value="HotSpot 64-Bit Tiered Compilers"/>
    <property name="ftp.nonProxyHosts" value="local|*.local|169.254/16|*.169.254/16"/>
    <property name="java.runtime.version" value="17.0.12+7-LTS"/>
    <property name="user.name" value="aaa"/>
    <property name="path.separator" value=":"/>
    <property name="os.version" value="14.6.1"/>
    <property name="java.runtime.name" value="OpenJDK Runtime Environment"/>
    <property name="file.encoding" value="UTF-8"/>
    <property name="java.vm.name" value="OpenJDK 64-Bit Server VM"/>
    <property name="java.vendor.version" value="Corretto-17.0.12.7.1"/>
    <property name="localRepository" value="/Users/aaa/.m2/repository"/>
    <property name="java.vendor.url.bug" value="https://github.com/corretto/corretto-17/issues/"/>
    <property name="java.io.tmpdir" value="/var/folders/gc/21jhxdvx77v1bx3nbk083g740000gn/T/"/>
    <property name="idea.version" value="2024.2.1"/>
    <property name="java.version" value="17.0.12"/>
    <property name="user.dir" value="/Users/aaa/IdeaProjects/pet project"/>
    <property name="os.arch" value="aarch64"/>
    <property name="java.vm.specification.name" value="Java Virtual Machine Specification"/>
    <property name="PID" value="3702"/>
    <property name="CONSOLE_LOG_CHARSET" value="UTF-8"/>
    <property name="native.encoding" value="UTF-8"/>
    <property name="java.library.path" value="/Users/aaa/Library/Java/Extensions:/Library/Java/Extensions:/Network/Library/Java/Extensions:/System/Library/Java/Extensions:/usr/lib/java:."/>
    <property name="java.vm.info" value="mixed mode, sharing"/>
    <property name="java.vendor" value="Amazon.com Inc."/>
    <property name="java.vm.version" value="17.0.12+7-LTS"/>
    <property name="sun.io.unicode.encoding" value="UnicodeBig"/>
    <property name="socksNonProxyHosts" value="local|*.local|169.254/16|*.169.254/16"/>
    <property name="java.class.version" value="61.0"/>
    <property name="LOGGED_APPLICATION_NAME" value="[pet project] "/>
  </properties>
  <testcase name="contextLoads" classname="com.example.pet_project.PetProjectApplicationTests" time="0.42">
    <system-out><![CDATA[00:44:54.231 [main] INFO org.springframework.test.context.support.AnnotationConfigContextLoaderUtils -- Could not detect default configuration classes for test class [com.example.pet_project.PetProjectApplicationTests]: PetProjectApplicationTests does not declare any static, non-private, non-final, nested classes annotated with @Configuration.
00:44:54.272 [main] INFO org.springframework.boot.test.context.SpringBootTestContextBootstrapper -- Found @SpringBootConfiguration com.example.pet_project.PetProjectApplication for test class com.example.pet_project.PetProjectApplicationTests

  .   ____          _            __ _ _
 /\\ / ___'_ __ _ _(_)_ __  __ _ \ \ \ \
( ( )\___ | '_ | '_| | '_ \/ _` | \ \ \ \
 \\/  ___)| |_)| | | | | || (_| |  ) ) ) )
  '  |____| .__|_| |_|_| |_\__, | / / / /
 =========|_|==============|___/=/_/_/_/

 :: Spring Boot ::                (v3.3.3)

2024-09-16T00:44:54.423+03:00  INFO 3702 --- [pet project] [           main] c.e.p.PetProjectApplicationTests         : Starting PetProjectApplicationTests using Java 17.0.12 with PID 3702 (started by aaa in /Users/aaa/IdeaProjects/pet project)
2024-09-16T00:44:54.423+03:00  INFO 3702 --- [pet project] [           main] c.e.p.PetProjectApplicationTests         : No active profile set, falling back to 1 default profile: "default"
2024-09-16T00:44:54.723+03:00  INFO 3702 --- [pet project] [           main] .s.d.r.c.RepositoryConfigurationDelegate : Multiple Spring Data modules found, entering strict repository configuration mode
2024-09-16T00:44:54.725+03:00  INFO 3702 --- [pet project] [           main] .s.d.r.c.RepositoryConfigurationDelegate : Bootstrapping Spring Data Redis repositories in DEFAULT mode.
2024-09-16T00:44:54.738+03:00  INFO 3702 --- [pet project] [           main] .s.d.r.c.RepositoryConfigurationDelegate : Finished Spring Data repository scanning in 6 ms. Found 0 Redis repository interfaces.
2024-09-16T00:44:54.908+03:00  WARN 3702 --- [pet project] [           main] trationDelegate$BeanPostProcessorChecker : Bean 'org.springframework.ws.config.annotation.DelegatingWsConfiguration' of type [org.springframework.ws.config.annotation.DelegatingWsConfiguration$$SpringCGLIB$$0] is not eligible for getting processed by all BeanPostProcessors (for example: not eligible for auto-proxying). The currently created BeanPostProcessor [annotationActionEndpointMapping] is declared through a non-static factory method on that class; consider declaring it as static instead.
2024-09-16T00:44:54.924+03:00  INFO 3702 --- [pet project] [           main] .w.s.a.s.AnnotationActionEndpointMapping : Supporting [WS-Addressing August 2004, WS-Addressing 1.0]
2024-09-16T00:44:55.260+03:00  WARN 3702 --- [pet project] [           main] ion$DefaultTemplateResolverConfiguration : Cannot find template location: classpath:/templates/ (please add some templates, check your Thymeleaf configuration, or set spring.thymeleaf.check-template-location=false)
2024-09-16T00:44:55.557+03:00  WARN 3702 --- [pet project] [           main] .s.s.UserDetailsServiceAutoConfiguration : 

Using generated security password: 0966c677-8604-46b2-a941-7f33e88fbaf6

This generated password is for development use only. Your security configuration must be updated before running your application in production.

2024-09-16T00:44:55.563+03:00  INFO 3702 --- [pet project] [           main] r$InitializeUserDetailsManagerConfigurer : Global AuthenticationManager configured with UserDetailsService bean with name inMemoryUserDetailsManager
2024-09-16T00:44:55.655+03:00  INFO 3702 --- [pet project] [           main] c.e.p.PetProjectApplicationTests         : Started PetProjectApplicationTests in 1.332 seconds (process running for 1.718)
]]></system-out>
  </testcase>
</testsuite>